Determining if the pthread_create exist failed with the following output:
Change Dir: /home/dane/repos/quick-turtle/c-src/CMakeFiles/CMakeTmp

Run Build Command:"/usr/bin/make" "cmTC_cabdd/fast"
/usr/bin/make -f CMakeFiles/cmTC_cabdd.dir/build.make CMakeFiles/cmTC_cabdd.dir/build
make[1]: Entering directory '/home/dane/repos/quick-turtle/c-src/CMakeFiles/CMakeTmp'
Building C object CMakeFiles/cmTC_cabdd.dir/CheckSymbolExists.c.o
/usr/bin/cc     -o CMakeFiles/cmTC_cabdd.dir/CheckSymbolExists.c.o   -c /home/dane/repos/quick-turtle/c-src/CMakeFiles/CMakeTmp/CheckSymbolExists.c
Linking C executable cmTC_cabdd
/usr/bin/cmake -E cmake_link_script CMakeFiles/cmTC_cabdd.dir/link.txt --verbose=1
/usr/bin/cc       CMakeFiles/cmTC_cabdd.dir/CheckSymbolExists.c.o  -o cmTC_cabdd -rdynamic 
CMakeFiles/cmTC_cabdd.dir/CheckSymbolExists.c.o: In function `main':
CheckSymbolExists.c:(.text+0x16): undefined reference to `pthread_create'
collect2: error: ld returned 1 exit status
CMakeFiles/cmTC_cabdd.dir/build.make:97: recipe for target 'cmTC_cabdd' failed
make[1]: *** [cmTC_cabdd] Error 1
make[1]: Leaving directory '/home/dane/repos/quick-turtle/c-src/CMakeFiles/CMakeTmp'
Makefile:126: recipe for target 'cmTC_cabdd/fast' failed
make: *** [cmTC_cabdd/fast] Error 2

File /home/dane/repos/quick-turtle/c-src/CMakeFiles/CMakeTmp/CheckSymbolExists.c:
/* */
#include <pthread.h>

int main(int argc, char** argv)
{
  (void)argv;
#ifndef pthread_create
  return ((int*)(&pthread_create))[argc];
#else
  (void)argc;
  return 0;
#endif
}

Determining if the function pthread_create exists in the pthreads failed with the following output:
Change Dir: /home/dane/repos/quick-turtle/c-src/CMakeFiles/CMakeTmp

Run Build Command:"/usr/bin/make" "cmTC_bf767/fast"
/usr/bin/make -f CMakeFiles/cmTC_bf767.dir/build.make CMakeFiles/cmTC_bf767.dir/build
make[1]: Entering directory '/home/dane/repos/quick-turtle/c-src/CMakeFiles/CMakeTmp'
Building C object CMakeFiles/cmTC_bf767.dir/CheckFunctionExists.c.o
/usr/bin/cc    -DCHECK_FUNCTION_EXISTS=pthread_create   -o CMakeFiles/cmTC_bf767.dir/CheckFunctionExists.c.o   -c /usr/share/cmake-3.5/Modules/CheckFunctionExists.c
Linking C executable cmTC_bf767
/usr/bin/cmake -E cmake_link_script CMakeFiles/cmTC_bf767.dir/link.txt --verbose=1
/usr/bin/cc   -DCHECK_FUNCTION_EXISTS=pthread_create    CMakeFiles/cmTC_bf767.dir/CheckFunctionExists.c.o  -o cmTC_bf767 -rdynamic -lpthreads 
/usr/bin/ld: cannot find -lpthreads
collect2: error: ld returned 1 exit status
CMakeFiles/cmTC_bf767.dir/build.make:97: recipe for target 'cmTC_bf767' failed
make[1]: *** [cmTC_bf767] Error 1
make[1]: Leaving directory '/home/dane/repos/quick-turtle/c-src/CMakeFiles/CMakeTmp'
Makefile:126: recipe for target 'cmTC_bf767/fast' failed
make: *** [cmTC_bf767/fast] Error 2


